<?xml version="1.0" encoding="UTF-8"?>
<!-- Generated by org.testng.reporters.JUnitXMLReporter -->
<testsuite ignored="0" hostname="bLacKDoPh1n" failures="1" tests="2" name="ChromeTest" time="6.85" errors="0" timestamp="2024-06-30T22:05:55 IST">
  <testcase classname="com.project.test.TC_MultiWorkFlow" name="multiFlow" time="0.821">
    <skipped/>
  </testcase> <!-- multiFlow -->
  <testcase classname="com.project.test.TC_MultiWorkFlow" name="multiFlow" time="0.671">
    <failure type="java.lang.AssertionError" message="The list of integers is not sorted in ascending order. expected [true] but found [false]">
      <![CDATA[java.lang.AssertionError: The list of integers is not sorted in ascending order. expected [true] but found [false]
at pageActions.HomePageActions.verifyLowToHighSort(HomePageActions.java:63)
at com.project.test.TC_MultiWorkFlow.multiFlow(TC_MultiWorkFlow.java:34)
at java.base/java.util.ArrayList.forEach(ArrayList.java:1511)
... Removed 30 stack frames]]>
    </failure>
  </testcase> <!-- multiFlow -->
</testsuite> <!-- ChromeTest -->
