<?xml version="1.0" encoding="UTF-8"?>
<!-- Generated by org.testng.reporters.JUnitXMLReporter -->
<testsuite ignored="0" hostname="bLacKDoPh1n" failures="1" tests="2" name="EdgeTest" time="7.13" errors="0" timestamp="2024-06-29T21:32:49 IST">
  <testcase classname="com.project.test.TC_loginLogout" name="successfulLogInLogOut" time="0.159">
    <skipped/>
  </testcase> <!-- successfulLogInLogOut -->
  <testcase classname="com.project.test.TC_loginLogout" name="successfulLogInLogOut" time="0.132">
    <failure type="java.lang.NullPointerException" message="Cannot invoke &amp;quot;java.util.Properties.getProperty(String)&amp;quot; because &amp;quot;this.usernameMapping&amp;quot; is null">
      <![CDATA[java.lang.NullPointerException: Cannot invoke "java.util.Properties.getProperty(String)" because "this.usernameMapping" is null
at pageActions.LogInPageActions.logIn(LogInPageActions.java:43)
at com.project.test.TC_loginLogout.successfulLogInLogOut(TC_loginLogout.java:18)
at java.base/java.util.ArrayList.forEach(ArrayList.java:1511)
... Removed 27 stack frames]]>
    </failure>
  </testcase> <!-- successfulLogInLogOut -->
</testsuite> <!-- EdgeTest -->
