<?xml version="1.0" encoding="UTF-8"?>
<testng-results ignored="0" total="1" passed="1" failed="0" skipped="0">
  <reporter-output>
  </reporter-output>
  <suite started-at="2024-06-28T23:42:53 IST" name="Surefire suite" finished-at="2024-06-28T23:42:53 IST" duration-ms="45">
    <groups>
    </groups>
    <test started-at="2024-06-28T23:42:53 IST" name="Surefire test" finished-at="2024-06-28T23:42:53 IST" duration-ms="45">
      <class name="com.webUI.selenium.TestNgTest">
        <test-method signature="launch()[pri:0, instance:com.webUI.selenium.TestNgTest@306cf3ea]" started-at="2024-06-28T23:42:53 IST" name="launch" finished-at="2024-06-28T23:42:53 IST" duration-ms="5" status="PASS">
          <reporter-output>
          </reporter-output>
        </test-method> <!-- launch -->
      </class> <!-- com.webUI.selenium.TestNgTest -->
    </test> <!-- Surefire test -->
  </suite> <!-- Surefire suite -->
</testng-results>
