<?xml version="1.0" encoding="UTF-8"?>
<testng-results ignored="0" total="3" passed="3" failed="0" skipped="0">
  <reporter-output>
  </reporter-output>
  <suite started-at="2024-06-29T17:12:21 IST" name="Suite" finished-at="2024-06-29T17:12:37 IST" duration-ms="15455">
    <groups>
    </groups>
    <test started-at="2024-06-29T17:12:21 IST" name="ChromeTest" finished-at="2024-06-29T17:12:26 IST" duration-ms="4302">
      <class name="com.project.test.TC_login">
        <test-method is-config="true" signature="mainBeforeTestMethod()[pri:0, instance:com.project.test.TC_login@8f2ef19]" started-at="2024-06-29T17:12:21 IST" name="mainBeforeTestMethod" finished-at="2024-06-29T17:12:21 IST" duration-ms="262" status="PASS">
          <reporter-output>
          </reporter-output>
        </test-method> <!-- mainBeforeTestMethod -->
        <test-method is-config="true" signature="beforeMethod(java.lang.String,java.lang.reflect.Method)[pri:0, instance:com.project.test.TC_login@8f2ef19]" started-at="2024-06-29T17:12:22 IST" name="beforeMethod" finished-at="2024-06-29T17:12:25 IST" duration-ms="3072" status="PASS">
          <params>
            <param index="0">
              <value>
                <![CDATA[chrome]]>
              </value>
            </param>
            <param index="1">
              <value>
                <![CDATA[public void com.project.test.TC_login.methodLoginValidation()]]>
              </value>
            </param>
          </params>
          <reporter-output>
          </reporter-output>
        </test-method> <!-- beforeMethod -->
        <test-method signature="methodLoginValidation()[pri:0, instance:com.project.test.TC_login@8f2ef19]" started-at="2024-06-29T17:12:25 IST" name="methodLoginValidation" finished-at="2024-06-29T17:12:25 IST" duration-ms="447" status="PASS">
          <reporter-output>
          </reporter-output>
        </test-method> <!-- methodLoginValidation -->
        <test-method is-config="true" signature="afterMethod(org.testng.ITestResult)[pri:0, instance:com.project.test.TC_login@8f2ef19]" started-at="2024-06-29T17:12:25 IST" name="afterMethod" finished-at="2024-06-29T17:12:25 IST" duration-ms="238" status="PASS">
          <params>
            <param index="0">
              <value>
                <![CDATA[[TestResult name=methodLoginValidation status=SUCCESS method=TC_login.methodLoginValidation()[pri:0, instance:com.project.test.TC_login@8f2ef19] output={null}]]]>
              </value>
            </param>
          </params>
          <reporter-output>
          </reporter-output>
        </test-method> <!-- afterMethod -->
        <test-method is-config="true" signature="afterTest()[pri:0, instance:com.project.test.TC_login@8f2ef19]" started-at="2024-06-29T17:12:25 IST" name="afterTest" finished-at="2024-06-29T17:12:26 IST" duration-ms="238" status="PASS">
          <reporter-output>
          </reporter-output>
        </test-method> <!-- afterTest -->
      </class> <!-- com.project.test.TC_login -->
    </test> <!-- ChromeTest -->
    <test started-at="2024-06-29T17:12:26 IST" name="FirefoxTest" finished-at="2024-06-29T17:12:33 IST" duration-ms="7325">
      <class name="com.project.test.TC_login">
        <test-method is-config="true" signature="mainBeforeTestMethod()[pri:0, instance:com.project.test.TC_login@68c9133c]" started-at="2024-06-29T17:12:26 IST" name="mainBeforeTestMethod" finished-at="2024-06-29T17:12:26 IST" duration-ms="1" status="PASS">
          <reporter-output>
          </reporter-output>
        </test-method> <!-- mainBeforeTestMethod -->
        <test-method is-config="true" signature="beforeMethod(java.lang.String,java.lang.reflect.Method)[pri:0, instance:com.project.test.TC_login@68c9133c]" started-at="2024-06-29T17:12:26 IST" name="beforeMethod" finished-at="2024-06-29T17:12:31 IST" duration-ms="5875" status="PASS">
          <params>
            <param index="0">
              <value>
                <![CDATA[firefox]]>
              </value>
            </param>
            <param index="1">
              <value>
                <![CDATA[public void com.project.test.TC_login.methodLoginValidation()]]>
              </value>
            </param>
          </params>
          <reporter-output>
          </reporter-output>
        </test-method> <!-- beforeMethod -->
        <test-method signature="methodLoginValidation()[pri:0, instance:com.project.test.TC_login@68c9133c]" started-at="2024-06-29T17:12:31 IST" name="methodLoginValidation" finished-at="2024-06-29T17:12:33 IST" duration-ms="1365" status="PASS">
          <reporter-output>
          </reporter-output>
        </test-method> <!-- methodLoginValidation -->
        <test-method is-config="true" signature="afterMethod(org.testng.ITestResult)[pri:0, instance:com.project.test.TC_login@68c9133c]" started-at="2024-06-29T17:12:33 IST" name="afterMethod" finished-at="2024-06-29T17:12:33 IST" duration-ms="12" status="FAIL">
          <params>
            <param index="0">
              <value>
                <![CDATA[[TestResult name=methodLoginValidation status=SUCCESS method=TC_login.methodLoginValidation()[pri:0, instance:com.project.test.TC_login@68c9133c] output={null}]]]>
              </value>
            </param>
          </params>
          <exception class="org.openqa.selenium.NoSuchSessionException">
            <message>
              <![CDATA[Tried to run command without establishing a connection
Build info: version: '4.22.0', revision: 'c5f3146703*'
System info: os.name: 'Windows 11', os.arch: 'amd64', os.version: '10.0', java.version: '17.0.11'
Driver info: org.openqa.selenium.firefox.FirefoxDriver
Command: [225771cb-f6bb-4a4a-bbd5-47d23f766368, quit {}]
Capabilities {acceptInsecureCerts: true, browserName: firefox, browserVersion: 127.0.2, moz:accessibilityChecks: false, moz:buildID: 20240624183754, moz:debuggerAddress: 127.0.0.1:28691, moz:geckodriverVersion: 0.34.0, moz:headless: false, moz:platformVersion: 10.0, moz:processID: 328, moz:profile: C:\Users\Agnip\AppData\Loca..., moz:shutdownTimeout: 60000, moz:webdriverClick: true, moz:windowless: false, pageLoadStrategy: normal, platformName: windows, proxy: Proxy(), se:cdp: ws://127.0.0.1:28691/devtoo..., se:cdpVersion: 85.0, setWindowRect: true, strictFileInteractability: false, timeouts: {implicit: 0, pageLoad: 300000, script: 30000}, unhandledPromptBehavior: dismiss and notify, userAgent: Mozilla/5.0 (Windows NT 10....}
Session ID: 225771cb-f6bb-4a4a-bbd5-47d23f766368]]>
            </message>
            <full-stacktrace>
              <![CDATA[org.openqa.selenium.NoSuchSessionException: Tried to run command without establishing a connection
Build info: version: '4.22.0', revision: 'c5f3146703*'
System info: os.name: 'Windows 11', os.arch: 'amd64', os.version: '10.0', java.version: '17.0.11'
Driver info: org.openqa.selenium.firefox.FirefoxDriver
Command: [225771cb-f6bb-4a4a-bbd5-47d23f766368, quit {}]
Capabilities {acceptInsecureCerts: true, browserName: firefox, browserVersion: 127.0.2, moz:accessibilityChecks: false, moz:buildID: 20240624183754, moz:debuggerAddress: 127.0.0.1:28691, moz:geckodriverVersion: 0.34.0, moz:headless: false, moz:platformVersion: 10.0, moz:processID: 328, moz:profile: C:\Users\Agnip\AppData\Loca..., moz:shutdownTimeout: 60000, moz:webdriverClick: true, moz:windowless: false, pageLoadStrategy: normal, platformName: windows, proxy: Proxy(), se:cdp: ws://127.0.0.1:28691/devtoo..., se:cdpVersion: 85.0, setWindowRect: true, strictFileInteractability: false, timeouts: {implicit: 0, pageLoad: 300000, script: 30000}, unhandledPromptBehavior: dismiss and notify, userAgent: Mozilla/5.0 (Windows NT 10....}
Session ID: 225771cb-f6bb-4a4a-bbd5-47d23f766368
at java.base/jdk.internal.reflect.NativeConstructorAccessorImpl.newInstance0(Native Method)
at java.base/jdk.internal.reflect.NativeConstructorAccessorImpl.newInstance(NativeConstructorAccessorImpl.java:77)
at java.base/jdk.internal.reflect.DelegatingConstructorAccessorImpl.newInstance(DelegatingConstructorAccessorImpl.java:45)
at java.base/java.lang.reflect.Constructor.newInstanceWithCaller(Constructor.java:499)
at java.base/java.lang.reflect.Constructor.newInstance(Constructor.java:480)
at org.openqa.selenium.remote.ErrorCodec.decode(ErrorCodec.java:167)
at org.openqa.selenium.remote.codec.w3c.W3CHttpResponseCodec.decode(W3CHttpResponseCodec.java:138)
at org.openqa.selenium.remote.codec.w3c.W3CHttpResponseCodec.decode(W3CHttpResponseCodec.java:50)
at org.openqa.selenium.remote.HttpCommandExecutor.execute(HttpCommandExecutor.java:190)
at org.openqa.selenium.remote.service.DriverCommandExecutor.invokeExecute(DriverCommandExecutor.java:216)
at org.openqa.selenium.remote.service.DriverCommandExecutor.lambda$execute$1(DriverCommandExecutor.java:126)
at java.base/java.util.concurrent.CompletableFuture$AsyncSupply.run(CompletableFuture.java:1768)
at java.base/java.util.concurrent.ThreadPoolExecutor.runWorker(ThreadPoolExecutor.java:1136)
at java.base/java.util.concurrent.ThreadPoolExecutor$Worker.run(ThreadPoolExecutor.java:635)
at java.base/java.lang.Thread.run(Thread.java:840)
]]>
            </full-stacktrace>
          </exception> <!-- org.openqa.selenium.NoSuchSessionException -->
          <reporter-output>
          </reporter-output>
        </test-method> <!-- afterMethod -->
        <test-method is-config="true" signature="afterTest()[pri:0, instance:com.project.test.TC_login@68c9133c]" started-at="2024-06-29T17:12:33 IST" name="afterTest" finished-at="2024-06-29T17:12:33 IST" duration-ms="62" status="PASS">
          <reporter-output>
          </reporter-output>
        </test-method> <!-- afterTest -->
      </class> <!-- com.project.test.TC_login -->
    </test> <!-- FirefoxTest -->
    <test started-at="2024-06-29T17:12:33 IST" name="EdgeTest" finished-at="2024-06-29T17:12:37 IST" duration-ms="3792">
      <class name="com.project.test.TC_login">
        <test-method is-config="true" signature="mainBeforeTestMethod()[pri:0, instance:com.project.test.TC_login@5e2c3d18]" started-at="2024-06-29T17:12:33 IST" name="mainBeforeTestMethod" finished-at="2024-06-29T17:12:33 IST" duration-ms="1" status="PASS">
          <reporter-output>
          </reporter-output>
        </test-method> <!-- mainBeforeTestMethod -->
        <test-method is-config="true" signature="beforeMethod(java.lang.String,java.lang.reflect.Method)[pri:0, instance:com.project.test.TC_login@5e2c3d18]" started-at="2024-06-29T17:12:33 IST" name="beforeMethod" finished-at="2024-06-29T17:12:35 IST" duration-ms="1721" status="PASS">
          <params>
            <param index="0">
              <value>
                <![CDATA[edge]]>
              </value>
            </param>
            <param index="1">
              <value>
                <![CDATA[public void com.project.test.TC_login.methodLoginValidation()]]>
              </value>
            </param>
          </params>
          <reporter-output>
          </reporter-output>
        </test-method> <!-- beforeMethod -->
        <test-method signature="methodLoginValidation()[pri:0, instance:com.project.test.TC_login@5e2c3d18]" started-at="2024-06-29T17:12:35 IST" name="methodLoginValidation" finished-at="2024-06-29T17:12:35 IST" duration-ms="622" status="PASS">
          <reporter-output>
          </reporter-output>
        </test-method> <!-- methodLoginValidation -->
        <test-method is-config="true" signature="afterMethod(org.testng.ITestResult)[pri:0, instance:com.project.test.TC_login@5e2c3d18]" started-at="2024-06-29T17:12:35 IST" name="afterMethod" finished-at="2024-06-29T17:12:37 IST" duration-ms="1383" status="PASS">
          <params>
            <param index="0">
              <value>
                <![CDATA[[TestResult name=methodLoginValidation status=SUCCESS method=TC_login.methodLoginValidation()[pri:0, instance:com.project.test.TC_login@5e2c3d18] output={null}]]]>
              </value>
            </param>
          </params>
          <reporter-output>
          </reporter-output>
        </test-method> <!-- afterMethod -->
        <test-method is-config="true" signature="afterTest()[pri:0, instance:com.project.test.TC_login@5e2c3d18]" started-at="2024-06-29T17:12:37 IST" name="afterTest" finished-at="2024-06-29T17:12:37 IST" duration-ms="62" status="PASS">
          <reporter-output>
          </reporter-output>
        </test-method> <!-- afterTest -->
      </class> <!-- com.project.test.TC_login -->
    </test> <!-- EdgeTest -->
  </suite> <!-- Suite -->
</testng-results>
